Drill report for spleeb.kicad_pcb
Created on Tue Aug  9 06:44:49 2022

Copper Layer Stackup:
    =============================================================
    L1 :  F.Cu                      front
    L2 :  B.Cu                      back


Drill file 'spleeb.drl' contains
    plated through holes:
    =============================================================
    T1  0.300mm  0.0118"  (64 holes)
    T2  0.400mm  0.0157"  (21 holes)
    T3  0.400mm  0.0157"  (24 holes)
    T4  0.900mm  0.0354"  (8 holes)  (with 8 slots)
    T5  0.991mm  0.0390"  (64 holes)
    T6  1.000mm  0.0394"  (11 holes)
    T7  1.100mm  0.0433"  (26 holes)
    T8  1.300mm  0.0512"  (2 holes)
    T9  1.499mm  0.0590"  (128 holes)

    Total plated holes count 348


Not plated through holes are merged with plated holes
    unplated through holes:
    =============================================================
    T10  1.500mm  0.0591"  (4 holes)  (with 2 slots)
    T11  1.702mm  0.0670"  (64 holes)
    T12  3.988mm  0.1570"  (32 holes)

    Total unplated holes count 100
